\BOOKMARK [1][-]{section.1}{\376\377\000A\000u\000f\000g\000a\000b\000e\000n\000s\000t\000e\000l\000l\000u\000n\000g}{}% 1
\BOOKMARK [1][-]{section.2}{\376\377\000V\000o\000r\000a\000u\000s\000s\000e\000t\000z\000u\000n\000g\000e\000n\000\040\000\046\000\040\000G\000r\000u\000n\000d\000l\000a\000g\000e\000n}{}% 2
\BOOKMARK [2][-]{subsection.2.1}{\376\377\000S\000i\000g\000n\000a\000l\000a\000u\000s\000b\000r\000e\000i\000t\000u\000n\000g\000\040\000i\000n\000\040\000K\000a\000b\000e\000l\000n}{section.2}% 3
\BOOKMARK [2][-]{subsection.2.2}{\376\377\000B\000e\000g\000r\000i\000f\000f\000e}{section.2}% 4
\BOOKMARK [2][-]{subsection.2.3}{\376\377\000W\000i\000c\000h\000t\000i\000g\000e\000\040\000Z\000u\000s\000a\000m\000m\000e\000n\000h\000\344\000n\000g\000e}{section.2}% 5
\BOOKMARK [1][-]{section.3}{\376\377\000V\000e\000r\000s\000u\000c\000h\000s\000a\000n\000o\000r\000d\000n\000u\000n\000g}{}% 6
\BOOKMARK [2][-]{subsection.3.1}{\376\377\000S\000p\000a\000n\000n\000u\000n\000g\000s\000v\000e\000r\000l\000\344\000u\000f\000e}{section.3}% 7
\BOOKMARK [2][-]{subsection.3.2}{\376\377\000R\000e\000f\000l\000e\000x\000i\000o\000n\000s\000k\000o\000e\000f\000f\000i\000z\000i\000e\000n\000t\000/\000K\000a\000b\000e\000l\000i\000m\000p\000e\000d\000a\000n\000z}{section.3}% 8
\BOOKMARK [2][-]{subsection.3.3}{\376\377\000S\000i\000g\000n\000a\000l\000g\000e\000s\000c\000h\000w\000i\000n\000d\000i\000g\000k\000e\000i\000t\000/\000r\000e\000l\000a\000t\000i\000v\000e\000\040\000P\000e\000r\000m\000i\000t\000t\000i\000v\000i\000t\000\344\000t}{section.3}% 9
\BOOKMARK [2][-]{subsection.3.4}{\376\377\000V\000e\000r\000z\000w\000e\000i\000g\000e\000r}{section.3}% 10
\BOOKMARK [1][-]{section.4}{\376\377\000G\000e\000r\000\344\000t\000e\000l\000i\000s\000t\000e}{}% 11
\BOOKMARK [1][-]{section.5}{\376\377\000V\000e\000r\000s\000u\000c\000h\000s\000d\000u\000r\000c\000h\000f\000\374\000h\000r\000u\000n\000g\000\040\000\046\000\040\000M\000e\000s\000s\000e\000r\000g\000e\000b\000n\000i\000s\000s\000e}{}% 12
\BOOKMARK [2][-]{subsection.5.1}{\376\377\000S\000p\000a\000n\000n\000u\000n\000g\000s\000v\000e\000r\000l\000\344\000u\000f\000e}{section.5}% 13
\BOOKMARK [2][-]{subsection.5.2}{\376\377\000R\000e\000f\000l\000e\000x\000i\000o\000n\000s\000k\000o\000e\000f\000f\000i\000z\000i\000e\000n\000t\000/\000K\000a\000b\000e\000l\000i\000m\000p\000e\000d\000a\000n\000z}{section.5}% 14
\BOOKMARK [2][-]{subsection.5.3}{\376\377\000S\000i\000g\000n\000a\000l\000g\000e\000s\000c\000h\000w\000i\000n\000d\000i\000g\000k\000e\000i\000t\000/\000r\000e\000l\000a\000t\000i\000v\000e\000\040\000P\000e\000r\000m\000i\000t\000t\000i\000v\000i\000t\000\344\000t}{section.5}% 15
\BOOKMARK [2][-]{subsection.5.4}{\376\377\000V\000e\000r\000z\000w\000e\000i\000g\000e\000r}{section.5}% 16
\BOOKMARK [1][-]{section.6}{\376\377\000A\000u\000s\000w\000e\000r\000t\000u\000n\000g\000\040\000u\000n\000d\000\040\000U\000n\000s\000i\000c\000h\000e\000r\000h\000e\000i\000t\000s\000a\000n\000a\000l\000y\000s\000e}{}% 17
\BOOKMARK [2][-]{subsection.6.1}{\376\377\000S\000p\000a\000n\000n\000u\000n\000g\000s\000v\000e\000r\000l\000\344\000u\000f\000e}{section.6}% 18
\BOOKMARK [2][-]{subsection.6.2}{\376\377\000R\000e\000f\000l\000e\000x\000i\000o\000n\000s\000k\000o\000e\000f\000f\000i\000z\000i\000e\000n\000t\000/\000K\000a\000b\000e\000l\000i\000m\000p\000e\000d\000a\000n\000z}{section.6}% 19
\BOOKMARK [2][-]{subsection.6.3}{\376\377\000S\000i\000g\000n\000a\000l\000g\000e\000s\000c\000h\000w\000i\000n\000d\000i\000g\000k\000e\000i\000t\000/\000r\000e\000l\000a\000t\000i\000v\000e\000\040\000P\000e\000r\000m\000i\000t\000t\000i\000v\000i\000t\000\344\000t}{section.6}% 20
\BOOKMARK [2][-]{subsection.6.4}{\376\377\000V\000e\000r\000z\000w\000e\000i\000g\000e\000r}{section.6}% 21
\BOOKMARK [1][-]{section.7}{\376\377\000D\000i\000s\000k\000u\000s\000s\000i\000o\000n}{}% 22
\BOOKMARK [2][-]{subsection.7.1}{\376\377\000S\000p\000a\000n\000n\000u\000n\000g\000s\000v\000e\000r\000l\000\344\000u\000f\000e}{section.7}% 23
\BOOKMARK [2][-]{subsection.7.2}{\376\377\000R\000e\000f\000l\000e\000x\000i\000o\000n\000s\000k\000o\000e\000f\000f\000i\000z\000i\000e\000n\000t\000/\000K\000a\000b\000e\000l\000i\000m\000p\000e\000d\000a\000n\000z}{section.7}% 24
\BOOKMARK [2][-]{subsection.7.3}{\376\377\000S\000i\000g\000n\000a\000l\000g\000e\000s\000c\000h\000w\000i\000n\000d\000i\000g\000k\000e\000i\000t\000/\000r\000e\000l\000a\000t\000i\000v\000e\000\040\000P\000e\000r\000m\000i\000t\000t\000i\000v\000i\000t\000\344\000t}{section.7}% 25
\BOOKMARK [2][-]{subsection.7.4}{\376\377\000V\000e\000r\000z\000w\000e\000i\000g\000e\000r}{section.7}% 26
\BOOKMARK [1][-]{section.8}{\376\377\000Z\000u\000s\000a\000m\000m\000e\000n\000f\000a\000s\000s\000u\000n\000g}{}% 27
\BOOKMARK [2][-]{subsection.8.1}{\376\377\000S\000p\000a\000n\000n\000u\000n\000g\000s\000v\000e\000r\000l\000\344\000u\000f\000e}{section.8}% 28
\BOOKMARK [2][-]{subsection.8.2}{\376\377\000R\000e\000f\000l\000e\000x\000i\000o\000n\000s\000k\000o\000e\000f\000f\000i\000z\000i\000e\000n\000t\000/\000K\000a\000b\000e\000l\000i\000m\000p\000e\000d\000a\000n\000z}{section.8}% 29
\BOOKMARK [2][-]{subsection.8.3}{\376\377\000S\000i\000g\000n\000a\000l\000g\000e\000s\000c\000h\000w\000i\000n\000d\000i\000g\000k\000e\000i\000t\000/\000r\000e\000l\000a\000t\000i\000v\000e\000\040\000P\000e\000r\000m\000i\000t\000t\000i\000v\000i\000t\000\344\000t}{section.8}% 30
\BOOKMARK [2][-]{subsection.8.4}{\376\377\000V\000e\000r\000z\000w\000e\000i\000g\000e\000r}{section.8}% 31
\BOOKMARK [1][-]{section*.21}{\376\377\000L\000i\000t\000e\000r\000a\000t\000u\000r}{}% 32
