\BOOKMARK [1][-]{section.1}{\376\377\000A\000u\000f\000g\000a\000b\000e\000n\000s\000t\000e\000l\000l\000u\000n\000g}{}% 1
\BOOKMARK [1][-]{section.2}{\376\377\000V\000o\000r\000a\000u\000s\000s\000e\000t\000z\000u\000n\000g\000e\000n\000\040\000\046\000\040\000G\000r\000u\000n\000d\000l\000a\000g\000e\000n}{}% 2
\BOOKMARK [2][-]{subsection.2.1}{\376\377\000A\000u\000f\000l\000\366\000s\000u\000n\000g\000s\000v\000e\000r\000m\000\366\000g\000e\000n\000\040\000u\000n\000d\000\040\000n\000u\000m\000e\000r\000i\000s\000c\000h\000e\000\040\000A\000p\000e\000r\000t\000u\000r}{section.2}% 3
\BOOKMARK [2][-]{subsection.2.2}{\376\377\000V\000a\000r\000i\000a\000t\000i\000o\000n\000\040\000d\000e\000r\000\040\000n\000u\000m\000e\000r\000i\000s\000c\000h\000e\000n\000\040\000A\000p\000e\000r\000t\000u\000r}{section.2}% 4
\BOOKMARK [2][-]{subsection.2.3}{\376\377\000A\000b\000b\000e\000s\000c\000h\000e\000\040\000A\000b\000b\000i\000l\000d\000u\000n\000g\000s\000t\000h\000e\000o\000r\000i\000e}{section.2}% 5
\BOOKMARK [2][-]{subsection.2.4}{\376\377\000W\000i\000c\000h\000t\000i\000g\000e\000\040\000Z\000u\000s\000a\000m\000m\000e\000n\000h\000\344\000n\000g\000e}{section.2}% 6
\BOOKMARK [1][-]{section.3}{\376\377\000V\000e\000r\000s\000u\000c\000h\000s\000a\000n\000o\000r\000d\000n\000u\000n\000g}{}% 7
\BOOKMARK [1][-]{section.4}{\376\377\000G\000e\000r\000\344\000t\000e\000l\000i\000s\000t\000e}{}% 8
\BOOKMARK [1][-]{section.5}{\376\377\000V\000e\000r\000s\000u\000c\000h\000s\000d\000u\000r\000c\000h\000f\000\374\000h\000r\000u\000n\000g\000\040\000\046\000\040\000M\000e\000s\000s\000e\000r\000g\000e\000b\000n\000i\000s\000s\000e}{}% 9
\BOOKMARK [2][-]{subsection.5.1}{\376\377\000V\000e\000r\000t\000r\000a\000u\000t\000m\000a\000c\000h\000e\000n\000\040\000m\000i\000t\000\040\000d\000e\000m\000\040\000V\000e\000r\000s\000u\000c\000h}{section.5}% 10
\BOOKMARK [2][-]{subsection.5.2}{\376\377\000Q\000u\000a\000n\000t\000i\000t\000a\000t\000i\000v\000e\000\040\000B\000e\000s\000t\000i\000m\000m\000u\000n\000g\000\040\000d\000e\000s\000\040\000A\000u\000f\000l\000\366\000s\000u\000n\000g\000s\000v\000e\000r\000m\000\366\000g\000e\000n\000s}{section.5}% 11
\BOOKMARK [2][-]{subsection.5.3}{\376\377\000Z\000u\000s\000a\000m\000m\000e\000n\000h\000a\000n\000g\000\040\000A\000u\000f\000l\000\366\000s\000u\000n\000g\000\040\000S\000p\000a\000l\000t\000g\000i\000t\000t\000e\000r\000b\000i\000l\000d\000e\000s\000\040\000u\000n\000d\000\040\000A\000n\000z\000a\000h\000l\000\040\000B\000e\000u\000g\000u\000n\000g\000s\000o\000r\000d\000n\000u\000n\000g\000e\000n}{section.5}% 12
\BOOKMARK [2][-]{subsection.5.4}{\376\377\000F\000r\000e\000i\000e\000s\000\040\000E\000x\000p\000e\000r\000i\000m\000e\000n\000t\000i\000e\000r\000e\000n}{section.5}% 13
\BOOKMARK [1][-]{section.6}{\376\377\000A\000u\000s\000w\000e\000r\000t\000u\000n\000g\000\040\000u\000n\000d\000\040\000U\000n\000s\000i\000c\000h\000e\000r\000h\000e\000i\000t\000s\000a\000n\000a\000l\000y\000s\000e}{}% 14
\BOOKMARK [2][-]{subsection.6.1}{\376\377\000Q\000u\000a\000n\000t\000i\000t\000a\000t\000i\000v\000e\000\040\000B\000e\000s\000t\000i\000m\000m\000u\000n\000g\000\040\000d\000e\000s\000\040\000A\000u\000f\000l\000\366\000s\000u\000n\000g\000s\000v\000e\000r\000m\000\366\000g\000e\000n\000s}{section.6}% 15
\BOOKMARK [2][-]{subsection.6.2}{\376\377\000Z\000u\000s\000a\000m\000m\000e\000n\000h\000a\000n\000g\000\040\000A\000u\000f\000l\000\366\000s\000u\000n\000g\000\040\000S\000p\000a\000l\000t\000g\000i\000t\000t\000e\000r\000b\000i\000l\000d\000e\000s\000\040\000u\000n\000d\000\040\000A\000n\000z\000a\000h\000l\000\040\000B\000e\000u\000g\000u\000n\000g\000s\000o\000r\000d\000n\000u\000n\000g\000e\000n}{section.6}% 16
\BOOKMARK [2][-]{subsection.6.3}{\376\377\000F\000r\000e\000i\000e\000s\000\040\000e\000x\000p\000e\000r\000i\000m\000e\000n\000t\000i\000e\000r\000e\000n}{section.6}% 17
\BOOKMARK [1][-]{section.7}{\376\377\000D\000i\000s\000k\000u\000s\000s\000i\000o\000n}{}% 18
\BOOKMARK [2][-]{subsection.7.1}{\376\377\000V\000e\000r\000t\000r\000a\000u\000t\000m\000a\000c\000h\000e\000n\000\040\000m\000i\000t\000\040\000d\000e\000m\000\040\000V\000e\000r\000s\000u\000c\000h}{section.7}% 19
\BOOKMARK [2][-]{subsection.7.2}{\376\377\000Q\000u\000a\000n\000t\000i\000t\000a\000t\000i\000v\000e\000\040\000B\000e\000s\000t\000i\000m\000m\000u\000n\000g\000\040\000d\000e\000s\000\040\000A\000u\000f\000l\000\366\000s\000u\000n\000g\000s\000v\000e\000r\000m\000\366\000g\000e\000n\000s}{section.7}% 20
\BOOKMARK [2][-]{subsection.7.3}{\376\377\000Z\000u\000s\000a\000m\000m\000e\000n\000h\000a\000n\000g\000\040\000A\000u\000f\000l\000\366\000s\000u\000n\000g\000\040\000S\000p\000a\000l\000t\000g\000i\000t\000t\000e\000r\000b\000i\000l\000d\000e\000s\000\040\000u\000n\000d\000\040\000A\000n\000z\000a\000h\000l\000\040\000B\000e\000u\000g\000u\000n\000g\000s\000o\000r\000d\000n\000u\000n\000g\000e\000n}{section.7}% 21
\BOOKMARK [2][-]{subsection.7.4}{\376\377\000F\000r\000e\000i\000e\000s\000\040\000E\000x\000p\000e\000r\000i\000m\000e\000n\000t\000i\000e\000r\000e\000n}{section.7}% 22
\BOOKMARK [1][-]{section.8}{\376\377\000Z\000u\000s\000a\000m\000m\000e\000n\000f\000a\000s\000s\000u\000n\000g}{}% 23
\BOOKMARK [2][-]{subsection.8.1}{\376\377\000Q\000u\000a\000n\000t\000i\000t\000a\000t\000i\000v\000e\000\040\000B\000e\000s\000t\000i\000m\000m\000u\000n\000g\000\040\000d\000e\000s\000\040\000A\000u\000f\000l\000\366\000s\000u\000n\000g\000s\000v\000e\000r\000m\000\366\000g\000e\000n\000s}{section.8}% 24
\BOOKMARK [2][-]{subsection.8.2}{\376\377\000Z\000u\000s\000a\000m\000m\000e\000n\000h\000a\000n\000g\000\040\000A\000u\000f\000l\000\366\000s\000u\000n\000g\000\040\000S\000p\000a\000l\000t\000g\000i\000t\000t\000e\000r\000b\000i\000l\000d\000e\000s\000\040\000u\000n\000d\000\040\000A\000n\000z\000a\000h\000l\000\040\000B\000e\000u\000g\000u\000n\000g\000s\000o\000r\000d\000n\000u\000n\000g\000e\000n}{section.8}% 25
\BOOKMARK [1][-]{section.9}{\376\377\000A\000n\000h\000a\000n\000g}{}% 26
\BOOKMARK [1][-]{section*.37}{\376\377\000L\000i\000t\000e\000r\000a\000t\000u\000r}{}% 27
