\BOOKMARK [1][-]{section.1}{\376\377\000A\000u\000f\000g\000a\000b\000e\000n\000s\000t\000e\000l\000l\000u\000n\000g}{}% 1
\BOOKMARK [1][-]{section.2}{\376\377\000V\000o\000r\000a\000u\000s\000s\000e\000t\000z\000u\000n\000g\000e\000n\000\040\000\046\000\040\000G\000r\000u\000n\000d\000l\000a\000g\000e\000n}{}% 2
\BOOKMARK [1][-]{section.3}{\376\377\000V\000e\000r\000s\000u\000c\000h\000s\000a\000n\000o\000r\000d\000n\000u\000n\000g}{}% 3
\BOOKMARK [1][-]{section.4}{\376\377\000G\000e\000r\000\344\000t\000e\000l\000i\000s\000t\000e}{}% 4
\BOOKMARK [1][-]{section.5}{\376\377\000V\000e\000r\000s\000u\000c\000h\000s\000d\000u\000r\000c\000h\000f\000\374\000h\000r\000u\000n\000g\000\040\000\046\000\040\000M\000e\000s\000s\000e\000r\000g\000e\000b\000n\000i\000s\000s\000e}{}% 5
\BOOKMARK [1][-]{section.6}{\376\377\000A\000u\000s\000w\000e\000r\000t\000u\000n\000g\000\040\000u\000n\000d\000\040\000U\000n\000s\000i\000c\000h\000e\000r\000h\000e\000i\000t\000s\000a\000n\000a\000l\000y\000s\000e}{}% 6
\BOOKMARK [2][-]{subsection.6.1}{\376\377\000O\000b\000j\000e\000k\000t\000i\000v\000v\000e\000r\000g\000r\000\366\000\337\000e\000r\000u\000n\000g\000\040\000a\000l\000t\000e\000s\000\040\000M\000i\000k\000r\000o\000s\000k\000o\000p\000\040\000u\000n\000d\000\040\000D\000i\000a\000g\000r\000a\000m\000m}{section.6}% 7
\BOOKMARK [2][-]{subsection.6.2}{\376\377\000O\000k\000u\000l\000a\000r\000v\000e\000r\000g\000r\000\366\000\337\000e\000r\000u\000n\000g}{section.6}% 8
\BOOKMARK [2][-]{subsection.6.3}{\376\377\000O\000b\000j\000e\000k\000t\000i\000v\000b\000r\000e\000n\000n\000w\000e\000i\000t\000e}{section.6}% 9
\BOOKMARK [2][-]{subsection.6.4}{\376\377\000G\000e\000s\000a\000m\000t\000v\000e\000r\000g\000r\000\366\000\337\000e\000r\000u\000n\000g\000\040\000n\000e\000u\000e\000s\000\040\000M\000i\000k\000r\000o\000s\000k\000o\000p}{section.6}% 10
\BOOKMARK [2][-]{subsection.6.5}{\376\377\000V\000e\000r\000g\000l\000e\000i\000c\000h\000\040\000M\000i\000k\000r\000o\000s\000k\000o\000p\000e\000\040\000a\000l\000t\000/\000n\000e\000u}{section.6}% 11
\BOOKMARK [2][-]{subsection.6.6}{\376\377\000U\000n\000t\000e\000r\000s\000u\000c\000h\000u\000n\000g\000\040\000v\000o\000n\000\040\000P\000r\000o\000b\000e\000n\000\040\000\050\000d\000i\000g\000i\000t\000a\000l\000\051}{section.6}% 12
\BOOKMARK [1][-]{section.7}{\376\377\000D\000i\000s\000k\000u\000s\000s\000i\000o\000n}{}% 13
\BOOKMARK [2][-]{subsection.7.1}{\376\377\000O\000b\000j\000e\000k\000t\000i\000v\000v\000e\000r\000g\000r\000\366\000\337\000e\000r\000u\000n\000g\000\040\000a\000l\000t\000e\000s\000\040\000M\000i\000k\000r\000o\000s\000k\000o\000p}{section.7}% 14
\BOOKMARK [2][-]{subsection.7.2}{\376\377\000O\000k\000u\000l\000a\000r\000v\000e\000r\000g\000r\000\366\000\337\000e\000r\000u\000n\000g}{section.7}% 15
\BOOKMARK [2][-]{subsection.7.3}{\376\377\000O\000b\000j\000e\000k\000t\000i\000v\000b\000r\000e\000n\000n\000w\000e\000i\000t\000e}{section.7}% 16
\BOOKMARK [2][-]{subsection.7.4}{\376\377\000G\000e\000s\000a\000m\000t\000v\000e\000r\000g\000r\000\366\000\337\000e\000r\000u\000n\000g\000\040\000n\000e\000u\000e\000s\000\040\000M\000i\000k\000r\000o\000s\000k\000o\000p}{section.7}% 17
\BOOKMARK [2][-]{subsection.7.5}{\376\377\000P\000r\000o\000b\000e\000n\000u\000n\000t\000e\000r\000s\000u\000c\000h\000u\000n\000g}{section.7}% 18
\BOOKMARK [1][-]{section.8}{\376\377\000Z\000u\000s\000a\000m\000m\000e\000n\000f\000a\000s\000s\000u\000n\000g}{}% 19
\BOOKMARK [1][-]{section*.40}{\376\377\000L\000i\000t\000e\000r\000a\000t\000u\000r}{}% 20
