\BOOKMARK [1][-]{section.1}{\376\377\000A\000u\000f\000g\000a\000b\000e\000n\000s\000t\000e\000l\000l\000u\000n\000g}{}% 1
\BOOKMARK [1][-]{section.2}{\376\377\000V\000o\000r\000a\000u\000s\000s\000e\000t\000z\000u\000n\000g\000e\000n\000\040\000\046\000\040\000G\000r\000u\000n\000d\000l\000a\000g\000e\000n}{}% 2
\BOOKMARK [2][-]{subsection.2.1}{\376\377\000K\000e\000n\000n\000g\000r\000\366\000\337\000e\000n}{section.2}% 3
\BOOKMARK [2][-]{subsection.2.2}{\376\377\000K\000o\000m\000p\000l\000e\000x\000e\000\040\000W\000e\000c\000h\000s\000e\000l\000s\000t\000r\000o\000m\000t\000e\000c\000h\000n\000i\000k}{section.2}% 4
\BOOKMARK [2][-]{subsection.2.3}{\376\377\000L\000e\000i\000s\000t\000u\000n\000g\000\040\000u\000n\000d\000\040\000V\000e\000r\000l\000u\000s\000t\000e}{section.2}% 5
\BOOKMARK [2][-]{subsection.2.4}{\376\377\000W\000i\000c\000h\000t\000i\000g\000e\000\040\000Z\000u\000s\000a\000m\000m\000e\000n\000h\000\344\000n\000g\000e}{section.2}% 6
\BOOKMARK [1][-]{section.3}{\376\377\000V\000e\000r\000s\000u\000c\000h\000s\000a\000n\000o\000r\000d\000n\000u\000n\000g}{}% 7
\BOOKMARK [2][-]{subsection.3.1}{\376\377\000U\000n\000t\000e\000r\000s\000u\000c\000h\000u\000n\000g\000\040\000d\000e\000r\000\040\000A\000n\000z\000e\000i\000g\000e\000n}{section.3}% 8
\BOOKMARK [2][-]{subsection.3.2}{\376\377\000A\000m\000p\000l\000i\000t\000u\000d\000e\000n\000g\000\344\000n\000g\000e}{section.3}% 9
\BOOKMARK [2][-]{subsection.3.3}{\376\377\000P\000h\000a\000s\000e\000n\000l\000a\000g\000e\000\040\000K\000o\000n\000d\000e\000n\000s\000a\000t\000o\000r}{section.3}% 10
\BOOKMARK [2][-]{subsection.3.4}{\376\377\000P\000h\000a\000s\000e\000n\000l\000a\000g\000e\000\040\000S\000p\000u\000l\000e}{section.3}% 11
\BOOKMARK [2][-]{subsection.3.5}{\376\377\000E\000l\000e\000k\000t\000r\000i\000s\000c\000h\000e\000\040\000L\000e\000i\000s\000t\000u\000n\000g\000\040\000R\000C\000-\000S\000c\000h\000a\000l\000t\000u\000n\000g}{section.3}% 12
\BOOKMARK [2][-]{subsection.3.6}{\376\377\000E\000l\000e\000k\000t\000r\000i\000s\000c\000h\000e\000\040\000L\000e\000i\000s\000t\000u\000n\000g\000\040\000R\000L\000-\000S\000c\000h\000a\000l\000t\000u\000n\000g}{section.3}% 13
\BOOKMARK [2][-]{subsection.3.7}{\376\377\000B\000l\000i\000n\000d\000l\000e\000i\000s\000t\000u\000n\000g\000s\000k\000o\000m\000p\000e\000n\000s\000a\000t\000i\000o\000n}{section.3}% 14
\BOOKMARK [1][-]{section.4}{\376\377\000G\000e\000r\000\344\000t\000e\000l\000i\000s\000t\000e}{}% 15
\BOOKMARK [1][-]{section.5}{\376\377\000V\000e\000r\000s\000u\000c\000h\000s\000d\000u\000r\000c\000h\000f\000\374\000h\000r\000u\000n\000g\000\040\000\046\000\040\000M\000e\000s\000s\000e\000r\000g\000e\000b\000n\000i\000s\000s\000e}{}% 16
\BOOKMARK [2][-]{subsection.5.1}{\376\377\000U\000n\000t\000e\000r\000s\000u\000c\000h\000u\000n\000g\000\040\000d\000e\000r\000\040\000A\000n\000z\000e\000i\000g\000e\000n}{section.5}% 17
\BOOKMARK [2][-]{subsection.5.2}{\376\377\000A\000m\000p\000l\000i\000t\000u\000d\000e\000n\000g\000\344\000n\000g\000e}{section.5}% 18
\BOOKMARK [2][-]{subsection.5.3}{\376\377\000P\000h\000a\000s\000e\000n\000l\000a\000g\000e\000\040\000K\000o\000n\000d\000e\000n\000s\000a\000t\000o\000r}{section.5}% 19
\BOOKMARK [2][-]{subsection.5.4}{\376\377\000P\000h\000a\000s\000e\000n\000l\000a\000g\000e\000\040\000S\000p\000u\000l\000e}{section.5}% 20
\BOOKMARK [2][-]{subsection.5.5}{\376\377\000E\000l\000e\000k\000t\000r\000i\000s\000c\000h\000e\000\040\000L\000e\000i\000s\000t\000u\000n\000g\000\040\000R\000C\000-\000S\000c\000h\000a\000l\000t\000u\000n\000g}{section.5}% 21
\BOOKMARK [2][-]{subsection.5.6}{\376\377\000E\000l\000e\000k\000t\000r\000i\000s\000c\000h\000e\000\040\000L\000e\000i\000s\000t\000u\000n\000g\000\040\000R\000L\000-\000S\000c\000h\000a\000l\000t\000u\000n\000g}{section.5}% 22
\BOOKMARK [2][-]{subsection.5.7}{\376\377\000B\000l\000i\000n\000d\000l\000e\000i\000s\000t\000u\000n\000g\000s\000k\000o\000m\000p\000e\000n\000s\000a\000t\000i\000o\000n}{section.5}% 23
\BOOKMARK [1][-]{section.6}{\376\377\000A\000u\000s\000w\000e\000r\000t\000u\000n\000g\000\040\000u\000n\000d\000\040\000U\000n\000s\000i\000c\000h\000e\000r\000h\000e\000i\000t\000s\000a\000n\000a\000l\000y\000s\000e}{}% 24
\BOOKMARK [2][-]{subsection.6.1}{\376\377\000U\000n\000t\000e\000r\000s\000u\000c\000h\000u\000n\000g\000\040\000d\000e\000r\000\040\000A\000n\000z\000e\000i\000g\000e\000n}{section.6}% 25
\BOOKMARK [2][-]{subsection.6.2}{\376\377\000A\000m\000p\000l\000i\000t\000u\000d\000e\000n\000g\000\344\000n\000g\000e}{section.6}% 26
\BOOKMARK [2][-]{subsection.6.3}{\376\377\000P\000h\000a\000s\000e\000n\000l\000a\000g\000e\000\040\000K\000o\000n\000d\000e\000n\000s\000a\000t\000o\000r}{section.6}% 27
\BOOKMARK [2][-]{subsection.6.4}{\376\377\000P\000h\000a\000s\000e\000n\000l\000a\000g\000e\000\040\000S\000p\000u\000l\000e}{section.6}% 28
\BOOKMARK [2][-]{subsection.6.5}{\376\377\000E\000l\000e\000k\000t\000r\000i\000s\000c\000h\000e\000\040\000L\000e\000i\000s\000t\000u\000n\000g\000\040\000R\000C\000-\000S\000c\000h\000a\000l\000t\000u\000n\000g}{section.6}% 29
\BOOKMARK [2][-]{subsection.6.6}{\376\377\000E\000l\000e\000k\000t\000r\000i\000s\000c\000h\000e\000\040\000L\000e\000i\000s\000t\000u\000n\000g\000\040\000R\000L\000-\000S\000c\000h\000a\000l\000t\000u\000n\000g}{section.6}% 30
