\BOOKMARK [1][-]{section.1}{\376\377\000A\000u\000f\000g\000a\000b\000e\000n\000s\000t\000e\000l\000l\000u\000n\000g}{}% 1
\BOOKMARK [1][-]{section.2}{\376\377\000V\000o\000r\000a\000u\000s\000s\000e\000t\000z\000u\000n\000g\000e\000n\000\040\000\046\000\040\000G\000r\000u\000n\000d\000l\000a\000g\000e\000n}{}% 2
\BOOKMARK [1][-]{section.3}{\376\377\000V\000e\000r\000s\000u\000c\000h\000s\000a\000n\000o\000r\000d\000n\000u\000n\000g}{}% 3
\BOOKMARK [1][-]{section.4}{\376\377\000G\000e\000r\000\344\000t\000e\000l\000i\000s\000t\000e}{}% 4
\BOOKMARK [1][-]{section.5}{\376\377\000V\000e\000r\000s\000u\000c\000h\000s\000d\000u\000r\000c\000h\000f\000\374\000h\000r\000u\000n\000g\000\040\000\046\000\040\000M\000e\000s\000s\000e\000r\000g\000e\000b\000n\000i\000s\000s\000e}{}% 5
\BOOKMARK [2][-]{subsection.5.1}{\376\377\000S\000e\000r\000i\000e\000n\000s\000c\000h\000a\000l\000t\000u\000n\000g}{section.5}% 6
\BOOKMARK [2][-]{subsection.5.2}{\376\377\000S\000e\000r\000i\000e\000n\000s\000c\000h\000w\000i\000n\000g\000k\000r\000e\000i\000s}{section.5}% 7
\BOOKMARK [2][-]{subsection.5.3}{\376\377\000E\000i\000g\000e\000n\000f\000r\000e\000q\000u\000e\000n\000z}{section.5}% 8
\BOOKMARK [1][-]{section.6}{\376\377\000A\000u\000s\000w\000e\000r\000t\000u\000n\000g\000\040\000u\000n\000d\000\040\000U\000n\000s\000i\000c\000h\000e\000r\000h\000e\000i\000t\000s\000a\000n\000a\000l\000y\000s\000e}{}% 9
\BOOKMARK [2][-]{subsection.6.1}{\376\377\000S\000e\000r\000i\000e\000n\000s\000c\000h\000a\000l\000t\000u\000n\000g}{section.6}% 10
\BOOKMARK [2][-]{subsection.6.2}{\376\377\000S\000e\000r\000i\000e\000n\000s\000c\000h\000w\000i\000n\000g\000k\000r\000e\000i\000s}{section.6}% 11
\BOOKMARK [2][-]{subsection.6.3}{\376\377\000E\000i\000g\000e\000n\000f\000r\000e\000q\000u\000e\000n\000z}{section.6}% 12
\BOOKMARK [1][-]{section.7}{\376\377\000D\000i\000s\000k\000u\000s\000s\000i\000o\000n}{}% 13
\BOOKMARK [2][-]{subsection.7.1}{\376\377\000S\000e\000r\000i\000e\000n\000s\000c\000h\000a\000l\000t\000u\000n\000g}{section.7}% 14
\BOOKMARK [2][-]{subsection.7.2}{\376\377\000S\000e\000r\000i\000e\000n\000s\000c\000h\000w\000i\000n\000g\000k\000r\000e\000i\000s}{section.7}% 15
\BOOKMARK [2][-]{subsection.7.3}{\376\377\000E\000i\000g\000e\000n\000f\000r\000e\000q\000u\000e\000n\000z\000e\000n}{section.7}% 16
\BOOKMARK [1][-]{section.8}{\376\377\000Z\000u\000s\000a\000m\000m\000e\000n\000f\000a\000s\000s\000u\000n\000g}{}% 17
\BOOKMARK [2][-]{subsection.8.1}{\376\377\000S\000e\000r\000i\000e\000n\000s\000c\000h\000a\000l\000t\000u\000n\000g}{section.8}% 18
\BOOKMARK [2][-]{subsection.8.2}{\376\377\000S\000e\000r\000i\000e\000n\000s\000c\000h\000w\000i\000n\000g\000k\000r\000e\000i\000s}{section.8}% 19
\BOOKMARK [2][-]{subsection.8.3}{\376\377\000E\000i\000g\000e\000n\000f\000r\000e\000q\000u\000e\000n\000z\000e\000n}{section.8}% 20
\BOOKMARK [1][-]{section.9}{\376\377\000A\000n\000h\000a\000n\000g}{}% 21
\BOOKMARK [1][-]{section*.33}{\376\377\000L\000i\000t\000e\000r\000a\000t\000u\000r}{}% 22
