\BOOKMARK [1][-]{section.1}{\376\377\000A\000u\000f\000g\000a\000b\000e\000n\000s\000t\000e\000l\000l\000u\000n\000g}{}% 1
\BOOKMARK [1][-]{section.2}{\376\377\000V\000o\000r\000a\000u\000s\000s\000e\000t\000z\000u\000n\000g\000e\000n\000\040\000\046\000\040\000G\000r\000u\000n\000d\000l\000a\000g\000e\000n}{}% 2
\BOOKMARK [2][-]{subsection.2.1}{\376\377\000H\000o\000c\000h\000p\000a\000s\000s}{section.2}% 3
\BOOKMARK [2][-]{subsection.2.2}{\376\377\000T\000i\000e\000f\000p\000a\000s\000s}{section.2}% 4
\BOOKMARK [2][-]{subsection.2.3}{\376\377\000R\000L\000C\000\040\000P\000a\000r\000a\000l\000l\000e\000l\000s\000c\000h\000w\000i\000n\000g\000k\000r\000e\000i\000s}{section.2}% 5
\BOOKMARK [2][-]{subsection.2.4}{\376\377\000R\000L\000C\000\040\000S\000e\000r\000i\000e\000n\000s\000c\000h\000w\000i\000n\000g\000k\000r\000e\000i\000s}{section.2}% 6
\BOOKMARK [1][-]{section.3}{\376\377\000V\000e\000r\000s\000u\000c\000h\000s\000a\000n\000o\000r\000d\000n\000u\000n\000g}{}% 7
\BOOKMARK [2][-]{subsection.3.1}{\376\377\000H\000o\000c\000h\000p\000a\000s\000s}{section.3}% 8
\BOOKMARK [2][-]{subsection.3.2}{\376\377\000T\000i\000e\000f\000p\000a\000s\000s}{section.3}% 9
\BOOKMARK [2][-]{subsection.3.3}{\376\377\000R\000L\000C\000\040\000P\000a\000r\000a\000l\000l\000e\000l\000s\000c\000h\000w\000i\000n\000g\000k\000r\000e\000i\000s}{section.3}% 10
\BOOKMARK [2][-]{subsection.3.4}{\376\377\000R\000L\000C\000\040\000S\000e\000r\000i\000e\000l\000l\000s\000c\000h\000w\000i\000n\000g\000k\000r\000e\000i\000s}{section.3}% 11
\BOOKMARK [1][-]{section.4}{\376\377\000G\000e\000r\000\344\000t\000e\000l\000i\000s\000t\000e}{}% 12
\BOOKMARK [1][-]{section.5}{\376\377\000V\000e\000r\000s\000u\000c\000h\000s\000d\000u\000r\000c\000h\000f\000\374\000h\000r\000u\000n\000g\000\040\000\046\000\040\000M\000e\000s\000s\000e\000r\000g\000e\000b\000n\000i\000s\000s\000e}{}% 13
\BOOKMARK [2][-]{subsection.5.1}{\376\377\000H\000o\000c\000h\000p\000a\000s\000s}{section.5}% 14
\BOOKMARK [2][-]{subsection.5.2}{\376\377\000T\000i\000e\000f\000p\000a\000s\000s}{section.5}% 15
\BOOKMARK [2][-]{subsection.5.3}{\376\377\000R\000L\000C\000\040\000P\000a\000r\000a\000l\000l\000e\000l\000s\000c\000h\000w\000i\000n\000g\000k\000r\000e\000i\000s}{section.5}% 16
\BOOKMARK [2][-]{subsection.5.4}{\376\377\000R\000L\000C\000\040\000S\000e\000r\000i\000e\000n\000s\000c\000h\000w\000i\000n\000g\000k\000r\000e\000i\000s}{section.5}% 17
\BOOKMARK [1][-]{section.6}{\376\377\000A\000u\000s\000w\000e\000r\000t\000u\000n\000g\000\040\000u\000n\000d\000\040\000U\000n\000s\000i\000c\000h\000e\000r\000h\000e\000i\000t\000s\000a\000n\000a\000l\000y\000s\000e}{}% 18
\BOOKMARK [2][-]{subsection.6.1}{\376\377\000H\000o\000c\000h\000p\000a\000s\000s}{section.6}% 19
\BOOKMARK [2][-]{subsection.6.2}{\376\377\000T\000i\000e\000f\000p\000a\000s\000s}{section.6}% 20
\BOOKMARK [2][-]{subsection.6.3}{\376\377\000R\000L\000C\000\040\000P\000a\000r\000a\000l\000l\000e\000l\000s\000c\000h\000w\000i\000n\000g\000k\000r\000e\000i\000s}{section.6}% 21
\BOOKMARK [2][-]{subsection.6.4}{\376\377\000R\000L\000C\000\040\000S\000e\000r\000i\000e\000l\000l\000s\000c\000h\000w\000i\000n\000g\000k\000r\000e\000i\000s}{section.6}% 22
\BOOKMARK [1][-]{section.7}{\376\377\000D\000i\000s\000k\000u\000s\000s\000i\000o\000n}{}% 23
\BOOKMARK [2][-]{subsection.7.1}{\376\377\000H\000o\000c\000h\000p\000a\000s\000s}{section.7}% 24
\BOOKMARK [2][-]{subsection.7.2}{\376\377\000T\000i\000e\000f\000p\000a\000s\000s}{section.7}% 25
\BOOKMARK [2][-]{subsection.7.3}{\376\377\000R\000L\000C\000\040\000P\000a\000r\000a\000l\000l\000e\000l\000s\000c\000h\000w\000i\000n\000g\000k\000r\000e\000i\000s}{section.7}% 26
\BOOKMARK [2][-]{subsection.7.4}{\376\377\000R\000L\000C\000\040\000S\000e\000r\000i\000e\000l\000l\000s\000c\000h\000w\000i\000n\000g\000k\000r\000e\000i\000s}{section.7}% 27
\BOOKMARK [1][-]{section.8}{\376\377\000Z\000u\000s\000a\000m\000m\000e\000n\000f\000a\000s\000s\000u\000n\000g}{}% 28
\BOOKMARK [2][-]{subsection.8.1}{\376\377\000H\000o\000c\000h\000p\000a\000s\000s}{section.8}% 29
\BOOKMARK [2][-]{subsection.8.2}{\376\377\000T\000i\000e\000f\000p\000a\000s\000s}{section.8}% 30
\BOOKMARK [2][-]{subsection.8.3}{\376\377\000R\000L\000C\000\040\000P\000a\000r\000a\000l\000l\000e\000l\000s\000c\000h\000w\000i\000n\000g\000k\000r\000e\000i\000s}{section.8}% 31
\BOOKMARK [2][-]{subsection.8.4}{\376\377\000R\000L\000C\000\040\000S\000e\000r\000i\000e\000n\000s\000c\000h\000w\000i\000n\000g\000k\000r\000e\000i\000s}{section.8}% 32
\BOOKMARK [1][-]{section*.37}{\376\377\000L\000i\000t\000e\000r\000a\000t\000u\000r}{}% 33
